CRITICAL - 2025-09-05 09:32:51 --> CodeIgniter\HTTP\Exceptions\HTTPException: Failed to parse JSON string. Error: Syntax error
[Method: POST, Route: employee/insert]
in SYSTEMPATH\HTTP\IncomingRequest.php on line 534.
 1 SYSTEMPATH\HTTP\IncomingRequest.php(534): CodeIgniter\HTTP\Exceptions\HTTPException::forInvalidJSON('Syntax error')
 2 APPPATH\Controllers\employee.php(12): CodeIgniter\HTTP\IncomingRequest->getJSON(true)
 3 SYSTEMPATH\CodeIgniter.php(933): App\Controllers\Employee->insert()
 4 SYSTEMPATH\CodeIgniter.php(507): CodeIgniter\CodeIgniter->runController(Object(App\Controllers\Employee))
 5 SYSTEMPATH\CodeIgniter.php(354): CodeIgniter\CodeIgniter->handleRequest(null, Object(Config\Cache), false)
 6 SYSTEMPATH\Boot.php(363): CodeIgniter\CodeIgniter->run()
 7 SYSTEMPATH\Boot.php(68): CodeIgniter\Boot::runCodeIgniter(Object(CodeIgniter\CodeIgniter))
 8 FCPATH\index.php(59): CodeIgniter\Boot::bootWeb(Object(Config\Paths))
CRITICAL - 2025-09-05 09:32:51 --> CodeIgniter\HTTP\Exceptions\HTTPException: Failed to parse JSON string. Error: Syntax error
[Method: POST, Route: employee/insert]
in SYSTEMPATH\HTTP\IncomingRequest.php on line 534.
 1 SYSTEMPATH\HTTP\IncomingRequest.php(534): CodeIgniter\HTTP\Exceptions\HTTPException::forInvalidJSON('Syntax error')
 2 APPPATH\Controllers\employee.php(12): CodeIgniter\HTTP\IncomingRequest->getJSON(true)
 3 SYSTEMPATH\CodeIgniter.php(933): App\Controllers\Employee->insert()
 4 SYSTEMPATH\CodeIgniter.php(507): CodeIgniter\CodeIgniter->runController(Object(App\Controllers\Employee))
 5 SYSTEMPATH\CodeIgniter.php(354): CodeIgniter\CodeIgniter->handleRequest(null, Object(Config\Cache), false)
 6 SYSTEMPATH\Boot.php(363): CodeIgniter\CodeIgniter->run()
 7 SYSTEMPATH\Boot.php(68): CodeIgniter\Boot::runCodeIgniter(Object(CodeIgniter\CodeIgniter))
 8 FCPATH\index.php(59): CodeIgniter\Boot::bootWeb(Object(Config\Paths))
CRITICAL - 2025-09-05 09:32:51 --> CodeIgniter\HTTP\Exceptions\HTTPException: Failed to parse JSON string. Error: Syntax error
[Method: POST, Route: employee/insert]
in SYSTEMPATH\HTTP\IncomingRequest.php on line 534.
 1 SYSTEMPATH\HTTP\IncomingRequest.php(534): CodeIgniter\HTTP\Exceptions\HTTPException::forInvalidJSON('Syntax error')
 2 APPPATH\Controllers\employee.php(12): CodeIgniter\HTTP\IncomingRequest->getJSON(true)
 3 SYSTEMPATH\CodeIgniter.php(933): App\Controllers\Employee->insert()
 4 SYSTEMPATH\CodeIgniter.php(507): CodeIgniter\CodeIgniter->runController(Object(App\Controllers\Employee))
 5 SYSTEMPATH\CodeIgniter.php(354): CodeIgniter\CodeIgniter->handleRequest(null, Object(Config\Cache), false)
 6 SYSTEMPATH\Boot.php(363): CodeIgniter\CodeIgniter->run()
 7 SYSTEMPATH\Boot.php(68): CodeIgniter\Boot::runCodeIgniter(Object(CodeIgniter\CodeIgniter))
 8 FCPATH\index.php(59): CodeIgniter\Boot::bootWeb(Object(Config\Paths))
CRITICAL - 2025-09-05 09:32:51 --> CodeIgniter\HTTP\Exceptions\HTTPException: Failed to parse JSON string. Error: Syntax error
[Method: POST, Route: employee/insert]
in SYSTEMPATH\HTTP\IncomingRequest.php on line 534.
 1 SYSTEMPATH\HTTP\IncomingRequest.php(534): CodeIgniter\HTTP\Exceptions\HTTPException::forInvalidJSON('Syntax error')
 2 APPPATH\Controllers\employee.php(12): CodeIgniter\HTTP\IncomingRequest->getJSON(true)
 3 SYSTEMPATH\CodeIgniter.php(933): App\Controllers\Employee->insert()
 4 SYSTEMPATH\CodeIgniter.php(507): CodeIgniter\CodeIgniter->runController(Object(App\Controllers\Employee))
 5 SYSTEMPATH\CodeIgniter.php(354): CodeIgniter\CodeIgniter->handleRequest(null, Object(Config\Cache), false)
 6 SYSTEMPATH\Boot.php(363): CodeIgniter\CodeIgniter->run()
 7 SYSTEMPATH\Boot.php(68): CodeIgniter\Boot::runCodeIgniter(Object(CodeIgniter\CodeIgniter))
 8 FCPATH\index.php(59): CodeIgniter\Boot::bootWeb(Object(Config\Paths))
CRITICAL - 2025-09-05 09:32:51 --> CodeIgniter\HTTP\Exceptions\HTTPException: Failed to parse JSON string. Error: Syntax error
[Method: POST, Route: employee/insert]
in SYSTEMPATH\HTTP\IncomingRequest.php on line 534.
 1 SYSTEMPATH\HTTP\IncomingRequest.php(534): CodeIgniter\HTTP\Exceptions\HTTPException::forInvalidJSON('Syntax error')
 2 APPPATH\Controllers\employee.php(12): CodeIgniter\HTTP\IncomingRequest->getJSON(true)
 3 SYSTEMPATH\CodeIgniter.php(933): App\Controllers\Employee->insert()
 4 SYSTEMPATH\CodeIgniter.php(507): CodeIgniter\CodeIgniter->runController(Object(App\Controllers\Employee))
 5 SYSTEMPATH\CodeIgniter.php(354): CodeIgniter\CodeIgniter->handleRequest(null, Object(Config\Cache), false)
 6 SYSTEMPATH\Boot.php(363): CodeIgniter\CodeIgniter->run()
 7 SYSTEMPATH\Boot.php(68): CodeIgniter\Boot::runCodeIgniter(Object(CodeIgniter\CodeIgniter))
 8 FCPATH\index.php(59): CodeIgniter\Boot::bootWeb(Object(Config\Paths))
CRITICAL - 2025-09-05 09:32:51 --> CodeIgniter\HTTP\Exceptions\HTTPException: Failed to parse JSON string. Error: Syntax error
[Method: POST, Route: employee/insert]
in SYSTEMPATH\HTTP\IncomingRequest.php on line 534.
 1 SYSTEMPATH\HTTP\IncomingRequest.php(534): CodeIgniter\HTTP\Exceptions\HTTPException::forInvalidJSON('Syntax error')
 2 APPPATH\Controllers\employee.php(12): CodeIgniter\HTTP\IncomingRequest->getJSON(true)
 3 SYSTEMPATH\CodeIgniter.php(933): App\Controllers\Employee->insert()
 4 SYSTEMPATH\CodeIgniter.php(507): CodeIgniter\CodeIgniter->runController(Object(App\Controllers\Employee))
 5 SYSTEMPATH\CodeIgniter.php(354): CodeIgniter\CodeIgniter->handleRequest(null, Object(Config\Cache), false)
 6 SYSTEMPATH\Boot.php(363): CodeIgniter\CodeIgniter->run()
 7 SYSTEMPATH\Boot.php(68): CodeIgniter\Boot::runCodeIgniter(Object(CodeIgniter\CodeIgniter))
 8 FCPATH\index.php(59): CodeIgniter\Boot::bootWeb(Object(Config\Paths))
CRITICAL - 2025-09-05 09:32:51 --> CodeIgniter\HTTP\Exceptions\HTTPException: Failed to parse JSON string. Error: Syntax error
[Method: POST, Route: employee/insert]
in SYSTEMPATH\HTTP\IncomingRequest.php on line 534.
 1 SYSTEMPATH\HTTP\IncomingRequest.php(534): CodeIgniter\HTTP\Exceptions\HTTPException::forInvalidJSON('Syntax error')
 2 APPPATH\Controllers\employee.php(12): CodeIgniter\HTTP\IncomingRequest->getJSON(true)
 3 SYSTEMPATH\CodeIgniter.php(933): App\Controllers\Employee->insert()
 4 SYSTEMPATH\CodeIgniter.php(507): CodeIgniter\CodeIgniter->runController(Object(App\Controllers\Employee))
 5 SYSTEMPATH\CodeIgniter.php(354): CodeIgniter\CodeIgniter->handleRequest(null, Object(Config\Cache), false)
 6 SYSTEMPATH\Boot.php(363): CodeIgniter\CodeIgniter->run()
 7 SYSTEMPATH\Boot.php(68): CodeIgniter\Boot::runCodeIgniter(Object(CodeIgniter\CodeIgniter))
 8 FCPATH\index.php(59): CodeIgniter\Boot::bootWeb(Object(Config\Paths))
CRITICAL - 2025-09-05 09:32:51 --> CodeIgniter\HTTP\Exceptions\HTTPException: Failed to parse JSON string. Error: Syntax error
[Method: POST, Route: employee/insert]
in SYSTEMPATH\HTTP\IncomingRequest.php on line 534.
 1 SYSTEMPATH\HTTP\IncomingRequest.php(534): CodeIgniter\HTTP\Exceptions\HTTPException::forInvalidJSON('Syntax error')
 2 APPPATH\Controllers\employee.php(12): CodeIgniter\HTTP\IncomingRequest->getJSON(true)
 3 SYSTEMPATH\CodeIgniter.php(933): App\Controllers\Employee->insert()
 4 SYSTEMPATH\CodeIgniter.php(507): CodeIgniter\CodeIgniter->runController(Object(App\Controllers\Employee))
 5 SYSTEMPATH\CodeIgniter.php(354): CodeIgniter\CodeIgniter->handleRequest(null, Object(Config\Cache), false)
 6 SYSTEMPATH\Boot.php(363): CodeIgniter\CodeIgniter->run()
 7 SYSTEMPATH\Boot.php(68): CodeIgniter\Boot::runCodeIgniter(Object(CodeIgniter\CodeIgniter))
 8 FCPATH\index.php(59): CodeIgniter\Boot::bootWeb(Object(Config\Paths))
CRITICAL - 2025-09-05 09:32:51 --> CodeIgniter\HTTP\Exceptions\HTTPException: Failed to parse JSON string. Error: Syntax error
[Method: POST, Route: employee/insert]
in SYSTEMPATH\HTTP\IncomingRequest.php on line 534.
 1 SYSTEMPATH\HTTP\IncomingRequest.php(534): CodeIgniter\HTTP\Exceptions\HTTPException::forInvalidJSON('Syntax error')
 2 APPPATH\Controllers\employee.php(12): CodeIgniter\HTTP\IncomingRequest->getJSON(true)
 3 SYSTEMPATH\CodeIgniter.php(933): App\Controllers\Employee->insert()
 4 SYSTEMPATH\CodeIgniter.php(507): CodeIgniter\CodeIgniter->runController(Object(App\Controllers\Employee))
 5 SYSTEMPATH\CodeIgniter.php(354): CodeIgniter\CodeIgniter->handleRequest(null, Object(Config\Cache), false)
 6 SYSTEMPATH\Boot.php(363): CodeIgniter\CodeIgniter->run()
 7 SYSTEMPATH\Boot.php(68): CodeIgniter\Boot::runCodeIgniter(Object(CodeIgniter\CodeIgniter))
 8 FCPATH\index.php(59): CodeIgniter\Boot::bootWeb(Object(Config\Paths))
CRITICAL - 2025-09-05 09:32:51 --> CodeIgniter\HTTP\Exceptions\HTTPException: Failed to parse JSON string. Error: Syntax error
[Method: POST, Route: employee/insert]
in SYSTEMPATH\HTTP\IncomingRequest.php on line 534.
 1 SYSTEMPATH\HTTP\IncomingRequest.php(534): CodeIgniter\HTTP\Exceptions\HTTPException::forInvalidJSON('Syntax error')
 2 APPPATH\Controllers\employee.php(12): CodeIgniter\HTTP\IncomingRequest->getJSON(true)
 3 SYSTEMPATH\CodeIgniter.php(933): App\Controllers\Employee->insert()
 4 SYSTEMPATH\CodeIgniter.php(507): CodeIgniter\CodeIgniter->runController(Object(App\Controllers\Employee))
 5 SYSTEMPATH\CodeIgniter.php(354): CodeIgniter\CodeIgniter->handleRequest(null, Object(Config\Cache), false)
 6 SYSTEMPATH\Boot.php(363): CodeIgniter\CodeIgniter->run()
 7 SYSTEMPATH\Boot.php(68): CodeIgniter\Boot::runCodeIgniter(Object(CodeIgniter\CodeIgniter))
 8 FCPATH\index.php(59): CodeIgniter\Boot::bootWeb(Object(Config\Paths))
CRITICAL - 2025-09-05 09:32:51 --> CodeIgniter\HTTP\Exceptions\HTTPException: Failed to parse JSON string. Error: Syntax error
[Method: POST, Route: employee/insert]
in SYSTEMPATH\HTTP\IncomingRequest.php on line 534.
 1 SYSTEMPATH\HTTP\IncomingRequest.php(534): CodeIgniter\HTTP\Exceptions\HTTPException::forInvalidJSON('Syntax error')
 2 APPPATH\Controllers\employee.php(12): CodeIgniter\HTTP\IncomingRequest->getJSON(true)
 3 SYSTEMPATH\CodeIgniter.php(933): App\Controllers\Employee->insert()
 4 SYSTEMPATH\CodeIgniter.php(507): CodeIgniter\CodeIgniter->runController(Object(App\Controllers\Employee))
 5 SYSTEMPATH\CodeIgniter.php(354): CodeIgniter\CodeIgniter->handleRequest(null, Object(Config\Cache), false)
 6 SYSTEMPATH\Boot.php(363): CodeIgniter\CodeIgniter->run()
 7 SYSTEMPATH\Boot.php(68): CodeIgniter\Boot::runCodeIgniter(Object(CodeIgniter\CodeIgniter))
 8 FCPATH\index.php(59): CodeIgniter\Boot::bootWeb(Object(Config\Paths))
CRITICAL - 2025-09-05 09:32:51 --> CodeIgniter\HTTP\Exceptions\HTTPException: Failed to parse JSON string. Error: Syntax error
[Method: POST, Route: employee/insert]
in SYSTEMPATH\HTTP\IncomingRequest.php on line 534.
 1 SYSTEMPATH\HTTP\IncomingRequest.php(534): CodeIgniter\HTTP\Exceptions\HTTPException::forInvalidJSON('Syntax error')
 2 APPPATH\Controllers\employee.php(12): CodeIgniter\HTTP\IncomingRequest->getJSON(true)
 3 SYSTEMPATH\CodeIgniter.php(933): App\Controllers\Employee->insert()
 4 SYSTEMPATH\CodeIgniter.php(507): CodeIgniter\CodeIgniter->runController(Object(App\Controllers\Employee))
 5 SYSTEMPATH\CodeIgniter.php(354): CodeIgniter\CodeIgniter->handleRequest(null, Object(Config\Cache), false)
 6 SYSTEMPATH\Boot.php(363): CodeIgniter\CodeIgniter->run()
 7 SYSTEMPATH\Boot.php(68): CodeIgniter\Boot::runCodeIgniter(Object(CodeIgniter\CodeIgniter))
 8 FCPATH\index.php(59): CodeIgniter\Boot::bootWeb(Object(Config\Paths))
ERROR - 2025-09-05 09:39:47 --> mysqli_sql_exception: Unknown column 'password' in 'field list' in C:\xampp\htdocs\codelApi\system\Database\MySQLi\Connection.php:327
Stack trace:
#0 C:\xampp\htdocs\codelApi\system\Database\MySQLi\Connection.php(327): mysqli->query('INSERT INTO org...', 0)
#1 C:\xampp\htdocs\codelApi\system\Database\BaseConnection.php(729): CodeIgniter\Database\MySQLi\Connection->execute('INSERT INTO org...')
#2 C:\xampp\htdocs\codelApi\system\Database\BaseConnection.php(646): CodeIgniter\Database\BaseConnection->simpleQuery('INSERT INTO org...')
#3 C:\xampp\htdocs\codelApi\app\Controllers\employee.php(57): CodeIgniter\Database\BaseConnection->query('INSERT INTO org...')
#4 C:\xampp\htdocs\codelApi\system\CodeIgniter.php(933): App\Controllers\Employee->insert()
#5 C:\xampp\htdocs\codelApi\system\CodeIgniter.php(507): CodeIgniter\CodeIgniter->runController(Object(App\Controllers\Employee))
#6 C:\xampp\htdocs\codelApi\system\CodeIgniter.php(354): CodeIgniter\CodeIgniter->handleRequest(NULL, Object(Config\Cache), false)
#7 C:\xampp\htdocs\codelApi\system\Boot.php(363): CodeIgniter\CodeIgniter->run()
#8 C:\xampp\htdocs\codelApi\system\Boot.php(68): CodeIgniter\Boot::runCodeIgniter(Object(CodeIgniter\CodeIgniter))
#9 C:\xampp\htdocs\codelApi\index.php(59): CodeIgniter\Boot::bootWeb(Object(Config\Paths))
#10 {main}
ERROR - 2025-09-05 09:39:47 --> mysqli_sql_exception: Unknown column 'password' in 'field list' in C:\xampp\htdocs\codelApi\system\Database\MySQLi\Connection.php:327
Stack trace:
#0 C:\xampp\htdocs\codelApi\system\Database\MySQLi\Connection.php(327): mysqli->query('INSERT INTO org...', 0)
#1 C:\xampp\htdocs\codelApi\system\Database\BaseConnection.php(729): CodeIgniter\Database\MySQLi\Connection->execute('INSERT INTO org...')
#2 C:\xampp\htdocs\codelApi\system\Database\BaseConnection.php(646): CodeIgniter\Database\BaseConnection->simpleQuery('INSERT INTO org...')
#3 C:\xampp\htdocs\codelApi\app\Controllers\employee.php(57): CodeIgniter\Database\BaseConnection->query('INSERT INTO org...')
#4 C:\xampp\htdocs\codelApi\system\CodeIgniter.php(933): App\Controllers\Employee->insert()
#5 C:\xampp\htdocs\codelApi\system\CodeIgniter.php(507): CodeIgniter\CodeIgniter->runController(Object(App\Controllers\Employee))
#6 C:\xampp\htdocs\codelApi\system\CodeIgniter.php(354): CodeIgniter\CodeIgniter->handleRequest(NULL, Object(Config\Cache), false)
#7 C:\xampp\htdocs\codelApi\system\Boot.php(363): CodeIgniter\CodeIgniter->run()
#8 C:\xampp\htdocs\codelApi\system\Boot.php(68): CodeIgniter\Boot::runCodeIgniter(Object(CodeIgniter\CodeIgniter))
#9 C:\xampp\htdocs\codelApi\index.php(59): CodeIgniter\Boot::bootWeb(Object(Config\Paths))
#10 {main}
ERROR - 2025-09-05 09:39:47 --> mysqli_sql_exception: Unknown column 'password' in 'field list' in C:\xampp\htdocs\codelApi\system\Database\MySQLi\Connection.php:327
Stack trace:
#0 C:\xampp\htdocs\codelApi\system\Database\MySQLi\Connection.php(327): mysqli->query('INSERT INTO org...', 0)
#1 C:\xampp\htdocs\codelApi\system\Database\BaseConnection.php(729): CodeIgniter\Database\MySQLi\Connection->execute('INSERT INTO org...')
#2 C:\xampp\htdocs\codelApi\system\Database\BaseConnection.php(646): CodeIgniter\Database\BaseConnection->simpleQuery('INSERT INTO org...')
#3 C:\xampp\htdocs\codelApi\app\Controllers\employee.php(57): CodeIgniter\Database\BaseConnection->query('INSERT INTO org...')
#4 C:\xampp\htdocs\codelApi\system\CodeIgniter.php(933): App\Controllers\Employee->insert()
#5 C:\xampp\htdocs\codelApi\system\CodeIgniter.php(507): CodeIgniter\CodeIgniter->runController(Object(App\Controllers\Employee))
#6 C:\xampp\htdocs\codelApi\system\CodeIgniter.php(354): CodeIgniter\CodeIgniter->handleRequest(NULL, Object(Config\Cache), false)
#7 C:\xampp\htdocs\codelApi\system\Boot.php(363): CodeIgniter\CodeIgniter->run()
#8 C:\xampp\htdocs\codelApi\system\Boot.php(68): CodeIgniter\Boot::runCodeIgniter(Object(CodeIgniter\CodeIgniter))
#9 C:\xampp\htdocs\codelApi\index.php(59): CodeIgniter\Boot::bootWeb(Object(Config\Paths))
#10 {main}
ERROR - 2025-09-05 09:39:47 --> mysqli_sql_exception: Unknown column 'password' in 'field list' in C:\xampp\htdocs\codelApi\system\Database\MySQLi\Connection.php:327
Stack trace:
#0 C:\xampp\htdocs\codelApi\system\Database\MySQLi\Connection.php(327): mysqli->query('INSERT INTO org...', 0)
#1 C:\xampp\htdocs\codelApi\system\Database\BaseConnection.php(729): CodeIgniter\Database\MySQLi\Connection->execute('INSERT INTO org...')
#2 C:\xampp\htdocs\codelApi\system\Database\BaseConnection.php(646): CodeIgniter\Database\BaseConnection->simpleQuery('INSERT INTO org...')
#3 C:\xampp\htdocs\codelApi\app\Controllers\employee.php(57): CodeIgniter\Database\BaseConnection->query('INSERT INTO org...')
#4 C:\xampp\htdocs\codelApi\system\CodeIgniter.php(933): App\Controllers\Employee->insert()
#5 C:\xampp\htdocs\codelApi\system\CodeIgniter.php(507): CodeIgniter\CodeIgniter->runController(Object(App\Controllers\Employee))
#6 C:\xampp\htdocs\codelApi\system\CodeIgniter.php(354): CodeIgniter\CodeIgniter->handleRequest(NULL, Object(Config\Cache), false)
#7 C:\xampp\htdocs\codelApi\system\Boot.php(363): CodeIgniter\CodeIgniter->run()
#8 C:\xampp\htdocs\codelApi\system\Boot.php(68): CodeIgniter\Boot::runCodeIgniter(Object(CodeIgniter\CodeIgniter))
#9 C:\xampp\htdocs\codelApi\index.php(59): CodeIgniter\Boot::bootWeb(Object(Config\Paths))
#10 {main}
ERROR - 2025-09-05 09:39:47 --> mysqli_sql_exception: Unknown column 'password' in 'field list' in C:\xampp\htdocs\codelApi\system\Database\MySQLi\Connection.php:327
Stack trace:
#0 C:\xampp\htdocs\codelApi\system\Database\MySQLi\Connection.php(327): mysqli->query('INSERT INTO org...', 0)
#1 C:\xampp\htdocs\codelApi\system\Database\BaseConnection.php(729): CodeIgniter\Database\MySQLi\Connection->execute('INSERT INTO org...')
#2 C:\xampp\htdocs\codelApi\system\Database\BaseConnection.php(646): CodeIgniter\Database\BaseConnection->simpleQuery('INSERT INTO org...')
#3 C:\xampp\htdocs\codelApi\app\Controllers\employee.php(57): CodeIgniter\Database\BaseConnection->query('INSERT INTO org...')
#4 C:\xampp\htdocs\codelApi\system\CodeIgniter.php(933): App\Controllers\Employee->insert()
#5 C:\xampp\htdocs\codelApi\system\CodeIgniter.php(507): CodeIgniter\CodeIgniter->runController(Object(App\Controllers\Employee))
#6 C:\xampp\htdocs\codelApi\system\CodeIgniter.php(354): CodeIgniter\CodeIgniter->handleRequest(NULL, Object(Config\Cache), false)
#7 C:\xampp\htdocs\codelApi\system\Boot.php(363): CodeIgniter\CodeIgniter->run()
#8 C:\xampp\htdocs\codelApi\system\Boot.php(68): CodeIgniter\Boot::runCodeIgniter(Object(CodeIgniter\CodeIgniter))
#9 C:\xampp\htdocs\codelApi\index.php(59): CodeIgniter\Boot::bootWeb(Object(Config\Paths))
#10 {main}
ERROR - 2025-09-05 09:39:47 --> mysqli_sql_exception: Unknown column 'password' in 'field list' in C:\xampp\htdocs\codelApi\system\Database\MySQLi\Connection.php:327
Stack trace:
#0 C:\xampp\htdocs\codelApi\system\Database\MySQLi\Connection.php(327): mysqli->query('INSERT INTO org...', 0)
#1 C:\xampp\htdocs\codelApi\system\Database\BaseConnection.php(729): CodeIgniter\Database\MySQLi\Connection->execute('INSERT INTO org...')
#2 C:\xampp\htdocs\codelApi\system\Database\BaseConnection.php(646): CodeIgniter\Database\BaseConnection->simpleQuery('INSERT INTO org...')
#3 C:\xampp\htdocs\codelApi\app\Controllers\employee.php(57): CodeIgniter\Database\BaseConnection->query('INSERT INTO org...')
#4 C:\xampp\htdocs\codelApi\system\CodeIgniter.php(933): App\Controllers\Employee->insert()
#5 C:\xampp\htdocs\codelApi\system\CodeIgniter.php(507): CodeIgniter\CodeIgniter->runController(Object(App\Controllers\Employee))
#6 C:\xampp\htdocs\codelApi\system\CodeIgniter.php(354): CodeIgniter\CodeIgniter->handleRequest(NULL, Object(Config\Cache), false)
#7 C:\xampp\htdocs\codelApi\system\Boot.php(363): CodeIgniter\CodeIgniter->run()
#8 C:\xampp\htdocs\codelApi\system\Boot.php(68): CodeIgniter\Boot::runCodeIgniter(Object(CodeIgniter\CodeIgniter))
#9 C:\xampp\htdocs\codelApi\index.php(59): CodeIgniter\Boot::bootWeb(Object(Config\Paths))
#10 {main}
ERROR - 2025-09-05 09:39:47 --> mysqli_sql_exception: Unknown column 'password' in 'field list' in C:\xampp\htdocs\codelApi\system\Database\MySQLi\Connection.php:327
Stack trace:
#0 C:\xampp\htdocs\codelApi\system\Database\MySQLi\Connection.php(327): mysqli->query('INSERT INTO org...', 0)
#1 C:\xampp\htdocs\codelApi\system\Database\BaseConnection.php(729): CodeIgniter\Database\MySQLi\Connection->execute('INSERT INTO org...')
#2 C:\xampp\htdocs\codelApi\system\Database\BaseConnection.php(646): CodeIgniter\Database\BaseConnection->simpleQuery('INSERT INTO org...')
#3 C:\xampp\htdocs\codelApi\app\Controllers\employee.php(57): CodeIgniter\Database\BaseConnection->query('INSERT INTO org...')
#4 C:\xampp\htdocs\codelApi\system\CodeIgniter.php(933): App\Controllers\Employee->insert()
#5 C:\xampp\htdocs\codelApi\system\CodeIgniter.php(507): CodeIgniter\CodeIgniter->runController(Object(App\Controllers\Employee))
#6 C:\xampp\htdocs\codelApi\system\CodeIgniter.php(354): CodeIgniter\CodeIgniter->handleRequest(NULL, Object(Config\Cache), false)
#7 C:\xampp\htdocs\codelApi\system\Boot.php(363): CodeIgniter\CodeIgniter->run()
#8 C:\xampp\htdocs\codelApi\system\Boot.php(68): CodeIgniter\Boot::runCodeIgniter(Object(CodeIgniter\CodeIgniter))
#9 C:\xampp\htdocs\codelApi\index.php(59): CodeIgniter\Boot::bootWeb(Object(Config\Paths))
#10 {main}
ERROR - 2025-09-05 09:39:47 --> mysqli_sql_exception: Unknown column 'password' in 'field list' in C:\xampp\htdocs\codelApi\system\Database\MySQLi\Connection.php:327
Stack trace:
#0 C:\xampp\htdocs\codelApi\system\Database\MySQLi\Connection.php(327): mysqli->query('INSERT INTO org...', 0)
#1 C:\xampp\htdocs\codelApi\system\Database\BaseConnection.php(729): CodeIgniter\Database\MySQLi\Connection->execute('INSERT INTO org...')
#2 C:\xampp\htdocs\codelApi\system\Database\BaseConnection.php(646): CodeIgniter\Database\BaseConnection->simpleQuery('INSERT INTO org...')
#3 C:\xampp\htdocs\codelApi\app\Controllers\employee.php(57): CodeIgniter\Database\BaseConnection->query('INSERT INTO org...')
#4 C:\xampp\htdocs\codelApi\system\CodeIgniter.php(933): App\Controllers\Employee->insert()
#5 C:\xampp\htdocs\codelApi\system\CodeIgniter.php(507): CodeIgniter\CodeIgniter->runController(Object(App\Controllers\Employee))
#6 C:\xampp\htdocs\codelApi\system\CodeIgniter.php(354): CodeIgniter\CodeIgniter->handleRequest(NULL, Object(Config\Cache), false)
#7 C:\xampp\htdocs\codelApi\system\Boot.php(363): CodeIgniter\CodeIgniter->run()
#8 C:\xampp\htdocs\codelApi\system\Boot.php(68): CodeIgniter\Boot::runCodeIgniter(Object(CodeIgniter\CodeIgniter))
#9 C:\xampp\htdocs\codelApi\index.php(59): CodeIgniter\Boot::bootWeb(Object(Config\Paths))
#10 {main}
ERROR - 2025-09-05 09:39:47 --> mysqli_sql_exception: Unknown column 'password' in 'field list' in C:\xampp\htdocs\codelApi\system\Database\MySQLi\Connection.php:327
Stack trace:
#0 C:\xampp\htdocs\codelApi\system\Database\MySQLi\Connection.php(327): mysqli->query('INSERT INTO org...', 0)
#1 C:\xampp\htdocs\codelApi\system\Database\BaseConnection.php(729): CodeIgniter\Database\MySQLi\Connection->execute('INSERT INTO org...')
#2 C:\xampp\htdocs\codelApi\system\Database\BaseConnection.php(646): CodeIgniter\Database\BaseConnection->simpleQuery('INSERT INTO org...')
#3 C:\xampp\htdocs\codelApi\app\Controllers\employee.php(57): CodeIgniter\Database\BaseConnection->query('INSERT INTO org...')
#4 C:\xampp\htdocs\codelApi\system\CodeIgniter.php(933): App\Controllers\Employee->insert()
#5 C:\xampp\htdocs\codelApi\system\CodeIgniter.php(507): CodeIgniter\CodeIgniter->runController(Object(App\Controllers\Employee))
#6 C:\xampp\htdocs\codelApi\system\CodeIgniter.php(354): CodeIgniter\CodeIgniter->handleRequest(NULL, Object(Config\Cache), false)
#7 C:\xampp\htdocs\codelApi\system\Boot.php(363): CodeIgniter\CodeIgniter->run()
#8 C:\xampp\htdocs\codelApi\system\Boot.php(68): CodeIgniter\Boot::runCodeIgniter(Object(CodeIgniter\CodeIgniter))
#9 C:\xampp\htdocs\codelApi\index.php(59): CodeIgniter\Boot::bootWeb(Object(Config\Paths))
#10 {main}
ERROR - 2025-09-05 09:39:47 --> mysqli_sql_exception: Unknown column 'password' in 'field list' in C:\xampp\htdocs\codelApi\system\Database\MySQLi\Connection.php:327
Stack trace:
#0 C:\xampp\htdocs\codelApi\system\Database\MySQLi\Connection.php(327): mysqli->query('INSERT INTO org...', 0)
#1 C:\xampp\htdocs\codelApi\system\Database\BaseConnection.php(729): CodeIgniter\Database\MySQLi\Connection->execute('INSERT INTO org...')
#2 C:\xampp\htdocs\codelApi\system\Database\BaseConnection.php(646): CodeIgniter\Database\BaseConnection->simpleQuery('INSERT INTO org...')
#3 C:\xampp\htdocs\codelApi\app\Controllers\employee.php(57): CodeIgniter\Database\BaseConnection->query('INSERT INTO org...')
#4 C:\xampp\htdocs\codelApi\system\CodeIgniter.php(933): App\Controllers\Employee->insert()
#5 C:\xampp\htdocs\codelApi\system\CodeIgniter.php(507): CodeIgniter\CodeIgniter->runController(Object(App\Controllers\Employee))
#6 C:\xampp\htdocs\codelApi\system\CodeIgniter.php(354): CodeIgniter\CodeIgniter->handleRequest(NULL, Object(Config\Cache), false)
#7 C:\xampp\htdocs\codelApi\system\Boot.php(363): CodeIgniter\CodeIgniter->run()
#8 C:\xampp\htdocs\codelApi\system\Boot.php(68): CodeIgniter\Boot::runCodeIgniter(Object(CodeIgniter\CodeIgniter))
#9 C:\xampp\htdocs\codelApi\index.php(59): CodeIgniter\Boot::bootWeb(Object(Config\Paths))
#10 {main}
ERROR - 2025-09-05 09:39:47 --> mysqli_sql_exception: Unknown column 'password' in 'field list' in C:\xampp\htdocs\codelApi\system\Database\MySQLi\Connection.php:327
Stack trace:
#0 C:\xampp\htdocs\codelApi\system\Database\MySQLi\Connection.php(327): mysqli->query('INSERT INTO org...', 0)
#1 C:\xampp\htdocs\codelApi\system\Database\BaseConnection.php(729): CodeIgniter\Database\MySQLi\Connection->execute('INSERT INTO org...')
#2 C:\xampp\htdocs\codelApi\system\Database\BaseConnection.php(646): CodeIgniter\Database\BaseConnection->simpleQuery('INSERT INTO org...')
#3 C:\xampp\htdocs\codelApi\app\Controllers\employee.php(57): CodeIgniter\Database\BaseConnection->query('INSERT INTO org...')
#4 C:\xampp\htdocs\codelApi\system\CodeIgniter.php(933): App\Controllers\Employee->insert()
#5 C:\xampp\htdocs\codelApi\system\CodeIgniter.php(507): CodeIgniter\CodeIgniter->runController(Object(App\Controllers\Employee))
#6 C:\xampp\htdocs\codelApi\system\CodeIgniter.php(354): CodeIgniter\CodeIgniter->handleRequest(NULL, Object(Config\Cache), false)
#7 C:\xampp\htdocs\codelApi\system\Boot.php(363): CodeIgniter\CodeIgniter->run()
#8 C:\xampp\htdocs\codelApi\system\Boot.php(68): CodeIgniter\Boot::runCodeIgniter(Object(CodeIgniter\CodeIgniter))
#9 C:\xampp\htdocs\codelApi\index.php(59): CodeIgniter\Boot::bootWeb(Object(Config\Paths))
#10 {main}
ERROR - 2025-09-05 09:39:47 --> mysqli_sql_exception: Unknown column 'password' in 'field list' in C:\xampp\htdocs\codelApi\system\Database\MySQLi\Connection.php:327
Stack trace:
#0 C:\xampp\htdocs\codelApi\system\Database\MySQLi\Connection.php(327): mysqli->query('INSERT INTO org...', 0)
#1 C:\xampp\htdocs\codelApi\system\Database\BaseConnection.php(729): CodeIgniter\Database\MySQLi\Connection->execute('INSERT INTO org...')
#2 C:\xampp\htdocs\codelApi\system\Database\BaseConnection.php(646): CodeIgniter\Database\BaseConnection->simpleQuery('INSERT INTO org...')
#3 C:\xampp\htdocs\codelApi\app\Controllers\employee.php(57): CodeIgniter\Database\BaseConnection->query('INSERT INTO org...')
#4 C:\xampp\htdocs\codelApi\system\CodeIgniter.php(933): App\Controllers\Employee->insert()
#5 C:\xampp\htdocs\codelApi\system\CodeIgniter.php(507): CodeIgniter\CodeIgniter->runController(Object(App\Controllers\Employee))
#6 C:\xampp\htdocs\codelApi\system\CodeIgniter.php(354): CodeIgniter\CodeIgniter->handleRequest(NULL, Object(Config\Cache), false)
#7 C:\xampp\htdocs\codelApi\system\Boot.php(363): CodeIgniter\CodeIgniter->run()
#8 C:\xampp\htdocs\codelApi\system\Boot.php(68): CodeIgniter\Boot::runCodeIgniter(Object(CodeIgniter\CodeIgniter))
#9 C:\xampp\htdocs\codelApi\index.php(59): CodeIgniter\Boot::bootWeb(Object(Config\Paths))
#10 {main}
ERROR - 2025-09-05 09:44:00 --> mysqli_sql_exception: Unknown column 'password' in 'field list' in C:\xampp\htdocs\codelApi\system\Database\MySQLi\Connection.php:327
Stack trace:
#0 C:\xampp\htdocs\codelApi\system\Database\MySQLi\Connection.php(327): mysqli->query('INSERT INTO org...', 0)
#1 C:\xampp\htdocs\codelApi\system\Database\BaseConnection.php(729): CodeIgniter\Database\MySQLi\Connection->execute('INSERT INTO org...')
#2 C:\xampp\htdocs\codelApi\system\Database\BaseConnection.php(646): CodeIgniter\Database\BaseConnection->simpleQuery('INSERT INTO org...')
#3 C:\xampp\htdocs\codelApi\app\Controllers\employee.php(57): CodeIgniter\Database\BaseConnection->query('INSERT INTO org...')
#4 C:\xampp\htdocs\codelApi\system\CodeIgniter.php(933): App\Controllers\Employee->insert()
#5 C:\xampp\htdocs\codelApi\system\CodeIgniter.php(507): CodeIgniter\CodeIgniter->runController(Object(App\Controllers\Employee))
#6 C:\xampp\htdocs\codelApi\system\CodeIgniter.php(354): CodeIgniter\CodeIgniter->handleRequest(NULL, Object(Config\Cache), false)
#7 C:\xampp\htdocs\codelApi\system\Boot.php(363): CodeIgniter\CodeIgniter->run()
#8 C:\xampp\htdocs\codelApi\system\Boot.php(68): CodeIgniter\Boot::runCodeIgniter(Object(CodeIgniter\CodeIgniter))
#9 C:\xampp\htdocs\codelApi\index.php(59): CodeIgniter\Boot::bootWeb(Object(Config\Paths))
#10 {main}
CRITICAL - 2025-09-05 09:49:19 --> TypeError: CodeIgniter\Database\MySQLi\Connection::_escapeString(): Argument #1 ($str) must be of type string, null given, called in C:\xampp\htdocs\codelApi\system\Database\BaseConnection.php on line 1412
[Method: POST, Route: employee/insert]
in SYSTEMPATH\Database\MySQLi\Connection.php on line 364.
 1 SYSTEMPATH\Database\BaseConnection.php(1412): CodeIgniter\Database\MySQLi\Connection->_escapeString(null)
 2 APPPATH\Controllers\employee.php(17): CodeIgniter\Database\BaseConnection->escapeString(null)
 3 SYSTEMPATH\CodeIgniter.php(933): App\Controllers\Employee->insert()
 4 SYSTEMPATH\CodeIgniter.php(507): CodeIgniter\CodeIgniter->runController(Object(App\Controllers\Employee))
 5 SYSTEMPATH\CodeIgniter.php(354): CodeIgniter\CodeIgniter->handleRequest(null, Object(Config\Cache), false)
 6 SYSTEMPATH\Boot.php(363): CodeIgniter\CodeIgniter->run()
 7 SYSTEMPATH\Boot.php(68): CodeIgniter\Boot::runCodeIgniter(Object(CodeIgniter\CodeIgniter))
 8 FCPATH\index.php(59): CodeIgniter\Boot::bootWeb(Object(Config\Paths))
CRITICAL - 2025-09-05 09:51:32 --> TypeError: CodeIgniter\Database\MySQLi\Connection::_escapeString(): Argument #1 ($str) must be of type string, null given, called in C:\xampp\htdocs\codelApi\system\Database\BaseConnection.php on line 1412
[Method: POST, Route: employee/insert]
in SYSTEMPATH\Database\MySQLi\Connection.php on line 364.
 1 SYSTEMPATH\Database\BaseConnection.php(1412): CodeIgniter\Database\MySQLi\Connection->_escapeString(null)
 2 APPPATH\Controllers\employee.php(17): CodeIgniter\Database\BaseConnection->escapeString(null)
 3 SYSTEMPATH\CodeIgniter.php(933): App\Controllers\Employee->insert()
 4 SYSTEMPATH\CodeIgniter.php(507): CodeIgniter\CodeIgniter->runController(Object(App\Controllers\Employee))
 5 SYSTEMPATH\CodeIgniter.php(354): CodeIgniter\CodeIgniter->handleRequest(null, Object(Config\Cache), false)
 6 SYSTEMPATH\Boot.php(363): CodeIgniter\CodeIgniter->run()
 7 SYSTEMPATH\Boot.php(68): CodeIgniter\Boot::runCodeIgniter(Object(CodeIgniter\CodeIgniter))
 8 FCPATH\index.php(59): CodeIgniter\Boot::bootWeb(Object(Config\Paths))
CRITICAL - 2025-09-05 10:00:59 --> TypeError: CodeIgniter\Database\MySQLi\Connection::_escapeString(): Argument #1 ($str) must be of type string, null given, called in C:\xampp\htdocs\codelApi\system\Database\BaseConnection.php on line 1412
[Method: GET, Route: employee/insert]
in SYSTEMPATH\Database\MySQLi\Connection.php on line 364.
 1 SYSTEMPATH\Database\BaseConnection.php(1412): CodeIgniter\Database\MySQLi\Connection->_escapeString(null)
 2 APPPATH\Controllers\employee.php(15): CodeIgniter\Database\BaseConnection->escapeString(null)
 3 SYSTEMPATH\CodeIgniter.php(933): App\Controllers\Employee->insert()
 4 SYSTEMPATH\CodeIgniter.php(507): CodeIgniter\CodeIgniter->runController(Object(App\Controllers\Employee))
 5 SYSTEMPATH\CodeIgniter.php(354): CodeIgniter\CodeIgniter->handleRequest(null, Object(Config\Cache), false)
 6 SYSTEMPATH\Boot.php(363): CodeIgniter\CodeIgniter->run()
 7 SYSTEMPATH\Boot.php(68): CodeIgniter\Boot::runCodeIgniter(Object(CodeIgniter\CodeIgniter))
 8 FCPATH\index.php(59): CodeIgniter\Boot::bootWeb(Object(Config\Paths))
ERROR - 2025-09-05 10:04:15 --> mysqli_sql_exception: Unknown column 'password' in 'field list' in C:\xampp\htdocs\codelApi\system\Database\MySQLi\Connection.php:327
Stack trace:
#0 C:\xampp\htdocs\codelApi\system\Database\MySQLi\Connection.php(327): mysqli->query('INSERT INTO `or...', 0)
#1 C:\xampp\htdocs\codelApi\system\Database\BaseConnection.php(729): CodeIgniter\Database\MySQLi\Connection->execute('INSERT INTO `or...')
#2 C:\xampp\htdocs\codelApi\system\Database\BaseConnection.php(646): CodeIgniter\Database\BaseConnection->simpleQuery('INSERT INTO `or...')
#3 C:\xampp\htdocs\codelApi\system\Database\BaseBuilder.php(2345): CodeIgniter\Database\BaseConnection->query('INSERT INTO `or...', Array, false)
#4 C:\xampp\htdocs\codelApi\app\Controllers\employee.php(81): CodeIgniter\Database\BaseBuilder->insert(Array)
#5 C:\xampp\htdocs\codelApi\system\CodeIgniter.php(933): App\Controllers\Employee->insert()
#6 C:\xampp\htdocs\codelApi\system\CodeIgniter.php(507): CodeIgniter\CodeIgniter->runController(Object(App\Controllers\Employee))
#7 C:\xampp\htdocs\codelApi\system\CodeIgniter.php(354): CodeIgniter\CodeIgniter->handleRequest(NULL, Object(Config\Cache), false)
#8 C:\xampp\htdocs\codelApi\system\Boot.php(363): CodeIgniter\CodeIgniter->run()
#9 C:\xampp\htdocs\codelApi\system\Boot.php(68): CodeIgniter\Boot::runCodeIgniter(Object(CodeIgniter\CodeIgniter))
#10 C:\xampp\htdocs\codelApi\index.php(59): CodeIgniter\Boot::bootWeb(Object(Config\Paths))
#11 {main}
ERROR - 2025-09-05 10:10:26 --> mysqli_sql_exception: Unknown column 'password' in 'field list' in C:\xampp\htdocs\codelApi\system\Database\MySQLi\Connection.php:327
Stack trace:
#0 C:\xampp\htdocs\codelApi\system\Database\MySQLi\Connection.php(327): mysqli->query('INSERT INTO `or...', 0)
#1 C:\xampp\htdocs\codelApi\system\Database\BaseConnection.php(729): CodeIgniter\Database\MySQLi\Connection->execute('INSERT INTO `or...')
#2 C:\xampp\htdocs\codelApi\system\Database\BaseConnection.php(646): CodeIgniter\Database\BaseConnection->simpleQuery('INSERT INTO `or...')
#3 C:\xampp\htdocs\codelApi\system\Database\BaseBuilder.php(2345): CodeIgniter\Database\BaseConnection->query('INSERT INTO `or...', Array, false)
#4 C:\xampp\htdocs\codelApi\app\Controllers\employee.php(81): CodeIgniter\Database\BaseBuilder->insert(Array)
#5 C:\xampp\htdocs\codelApi\system\CodeIgniter.php(933): App\Controllers\Employee->insert()
#6 C:\xampp\htdocs\codelApi\system\CodeIgniter.php(507): CodeIgniter\CodeIgniter->runController(Object(App\Controllers\Employee))
#7 C:\xampp\htdocs\codelApi\system\CodeIgniter.php(354): CodeIgniter\CodeIgniter->handleRequest(NULL, Object(Config\Cache), false)
#8 C:\xampp\htdocs\codelApi\system\Boot.php(363): CodeIgniter\CodeIgniter->run()
#9 C:\xampp\htdocs\codelApi\system\Boot.php(68): CodeIgniter\Boot::runCodeIgniter(Object(CodeIgniter\CodeIgniter))
#10 C:\xampp\htdocs\codelApi\index.php(59): CodeIgniter\Boot::bootWeb(Object(Config\Paths))
#11 {main}
ERROR - 2025-09-05 10:11:21 --> mysqli_sql_exception: Unknown column 'password' in 'field list' in C:\xampp\htdocs\codelApi\system\Database\MySQLi\Connection.php:327
Stack trace:
#0 C:\xampp\htdocs\codelApi\system\Database\MySQLi\Connection.php(327): mysqli->query('INSERT INTO `or...', 0)
#1 C:\xampp\htdocs\codelApi\system\Database\BaseConnection.php(729): CodeIgniter\Database\MySQLi\Connection->execute('INSERT INTO `or...')
#2 C:\xampp\htdocs\codelApi\system\Database\BaseConnection.php(646): CodeIgniter\Database\BaseConnection->simpleQuery('INSERT INTO `or...')
#3 C:\xampp\htdocs\codelApi\system\Database\BaseBuilder.php(2345): CodeIgniter\Database\BaseConnection->query('INSERT INTO `or...', Array, false)
#4 C:\xampp\htdocs\codelApi\app\Controllers\employee.php(81): CodeIgniter\Database\BaseBuilder->insert(Array)
#5 C:\xampp\htdocs\codelApi\system\CodeIgniter.php(933): App\Controllers\Employee->insert()
#6 C:\xampp\htdocs\codelApi\system\CodeIgniter.php(507): CodeIgniter\CodeIgniter->runController(Object(App\Controllers\Employee))
#7 C:\xampp\htdocs\codelApi\system\CodeIgniter.php(354): CodeIgniter\CodeIgniter->handleRequest(NULL, Object(Config\Cache), false)
#8 C:\xampp\htdocs\codelApi\system\Boot.php(363): CodeIgniter\CodeIgniter->run()
#9 C:\xampp\htdocs\codelApi\system\Boot.php(68): CodeIgniter\Boot::runCodeIgniter(Object(CodeIgniter\CodeIgniter))
#10 C:\xampp\htdocs\codelApi\index.php(59): CodeIgniter\Boot::bootWeb(Object(Config\Paths))
#11 {main}
ERROR - 2025-09-05 10:15:24 --> mysqli_sql_exception: Unknown column 'password' in 'field list' in C:\xampp\htdocs\codelApi\system\Database\MySQLi\Connection.php:327
Stack trace:
#0 C:\xampp\htdocs\codelApi\system\Database\MySQLi\Connection.php(327): mysqli->query('INSERT INTO `or...', 0)
#1 C:\xampp\htdocs\codelApi\system\Database\BaseConnection.php(729): CodeIgniter\Database\MySQLi\Connection->execute('INSERT INTO `or...')
#2 C:\xampp\htdocs\codelApi\system\Database\BaseConnection.php(646): CodeIgniter\Database\BaseConnection->simpleQuery('INSERT INTO `or...')
#3 C:\xampp\htdocs\codelApi\system\Database\BaseBuilder.php(2345): CodeIgniter\Database\BaseConnection->query('INSERT INTO `or...', Array, false)
#4 C:\xampp\htdocs\codelApi\app\Controllers\employee.php(81): CodeIgniter\Database\BaseBuilder->insert(Array)
#5 C:\xampp\htdocs\codelApi\system\CodeIgniter.php(933): App\Controllers\Employee->insert()
#6 C:\xampp\htdocs\codelApi\system\CodeIgniter.php(507): CodeIgniter\CodeIgniter->runController(Object(App\Controllers\Employee))
#7 C:\xampp\htdocs\codelApi\system\CodeIgniter.php(354): CodeIgniter\CodeIgniter->handleRequest(NULL, Object(Config\Cache), false)
#8 C:\xampp\htdocs\codelApi\system\Boot.php(363): CodeIgniter\CodeIgniter->run()
#9 C:\xampp\htdocs\codelApi\system\Boot.php(68): CodeIgniter\Boot::runCodeIgniter(Object(CodeIgniter\CodeIgniter))
#10 C:\xampp\htdocs\codelApi\index.php(59): CodeIgniter\Boot::bootWeb(Object(Config\Paths))
#11 {main}
CRITICAL - 2025-09-05 10:16:40 --> CodeIgniter\HTTP\Exceptions\HTTPException: Failed to parse JSON string. Error: Syntax error
[Method: POST, Route: employee/insert]
in SYSTEMPATH\HTTP\IncomingRequest.php on line 534.
 1 SYSTEMPATH\HTTP\IncomingRequest.php(534): CodeIgniter\HTTP\Exceptions\HTTPException::forInvalidJSON('Syntax error')
 2 APPPATH\Controllers\employee.php(22): CodeIgniter\HTTP\IncomingRequest->getJSON(true)
 3 SYSTEMPATH\CodeIgniter.php(933): App\Controllers\Employee->insert()
 4 SYSTEMPATH\CodeIgniter.php(507): CodeIgniter\CodeIgniter->runController(Object(App\Controllers\Employee))
 5 SYSTEMPATH\CodeIgniter.php(354): CodeIgniter\CodeIgniter->handleRequest(null, Object(Config\Cache), false)
 6 SYSTEMPATH\Boot.php(363): CodeIgniter\CodeIgniter->run()
 7 SYSTEMPATH\Boot.php(68): CodeIgniter\Boot::runCodeIgniter(Object(CodeIgniter\CodeIgniter))
 8 FCPATH\index.php(59): CodeIgniter\Boot::bootWeb(Object(Config\Paths))
CRITICAL - 2025-09-05 10:19:25 --> CodeIgniter\HTTP\Exceptions\HTTPException: Failed to parse JSON string. Error: Syntax error
[Method: POST, Route: employee/insert]
in SYSTEMPATH\HTTP\IncomingRequest.php on line 534.
 1 SYSTEMPATH\HTTP\IncomingRequest.php(534): CodeIgniter\HTTP\Exceptions\HTTPException::forInvalidJSON('Syntax error')
 2 APPPATH\Controllers\employee.php(22): CodeIgniter\HTTP\IncomingRequest->getJSON(true)
 3 SYSTEMPATH\CodeIgniter.php(933): App\Controllers\Employee->insert()
 4 SYSTEMPATH\CodeIgniter.php(507): CodeIgniter\CodeIgniter->runController(Object(App\Controllers\Employee))
 5 SYSTEMPATH\CodeIgniter.php(354): CodeIgniter\CodeIgniter->handleRequest(null, Object(Config\Cache), false)
 6 SYSTEMPATH\Boot.php(363): CodeIgniter\CodeIgniter->run()
 7 SYSTEMPATH\Boot.php(68): CodeIgniter\Boot::runCodeIgniter(Object(CodeIgniter\CodeIgniter))
 8 FCPATH\index.php(59): CodeIgniter\Boot::bootWeb(Object(Config\Paths))
CRITICAL - 2025-09-05 10:20:33 --> CodeIgniter\HTTP\Exceptions\HTTPException: Failed to parse JSON string. Error: Syntax error
[Method: POST, Route: employee/insert]
in SYSTEMPATH\HTTP\IncomingRequest.php on line 534.
 1 SYSTEMPATH\HTTP\IncomingRequest.php(534): CodeIgniter\HTTP\Exceptions\HTTPException::forInvalidJSON('Syntax error')
 2 APPPATH\Controllers\employee.php(22): CodeIgniter\HTTP\IncomingRequest->getJSON(true)
 3 SYSTEMPATH\CodeIgniter.php(933): App\Controllers\Employee->insert()
 4 SYSTEMPATH\CodeIgniter.php(507): CodeIgniter\CodeIgniter->runController(Object(App\Controllers\Employee))
 5 SYSTEMPATH\CodeIgniter.php(354): CodeIgniter\CodeIgniter->handleRequest(null, Object(Config\Cache), false)
 6 SYSTEMPATH\Boot.php(363): CodeIgniter\CodeIgniter->run()
 7 SYSTEMPATH\Boot.php(68): CodeIgniter\Boot::runCodeIgniter(Object(CodeIgniter\CodeIgniter))
 8 FCPATH\index.php(59): CodeIgniter\Boot::bootWeb(Object(Config\Paths))
ERROR - 2025-09-05 10:24:59 --> mysqli_sql_exception: Unknown column 'password' in 'field list' in C:\xampp\htdocs\codelApi\system\Database\MySQLi\Connection.php:327
Stack trace:
#0 C:\xampp\htdocs\codelApi\system\Database\MySQLi\Connection.php(327): mysqli->query('INSERT INTO org...', 0)
#1 C:\xampp\htdocs\codelApi\system\Database\BaseConnection.php(729): CodeIgniter\Database\MySQLi\Connection->execute('INSERT INTO org...')
#2 C:\xampp\htdocs\codelApi\system\Database\BaseConnection.php(646): CodeIgniter\Database\BaseConnection->simpleQuery('INSERT INTO org...')
#3 C:\xampp\htdocs\codelApi\app\Controllers\employee.php(58): CodeIgniter\Database\BaseConnection->query('INSERT INTO org...')
#4 C:\xampp\htdocs\codelApi\system\CodeIgniter.php(933): App\Controllers\Employee->insert()
#5 C:\xampp\htdocs\codelApi\system\CodeIgniter.php(507): CodeIgniter\CodeIgniter->runController(Object(App\Controllers\Employee))
#6 C:\xampp\htdocs\codelApi\system\CodeIgniter.php(354): CodeIgniter\CodeIgniter->handleRequest(NULL, Object(Config\Cache), false)
#7 C:\xampp\htdocs\codelApi\system\Boot.php(363): CodeIgniter\CodeIgniter->run()
#8 C:\xampp\htdocs\codelApi\system\Boot.php(68): CodeIgniter\Boot::runCodeIgniter(Object(CodeIgniter\CodeIgniter))
#9 C:\xampp\htdocs\codelApi\index.php(59): CodeIgniter\Boot::bootWeb(Object(Config\Paths))
#10 {main}
ERROR - 2025-09-05 10:26:00 --> mysqli_sql_exception: Unknown column 'password' in 'field list' in C:\xampp\htdocs\codelApi\system\Database\MySQLi\Connection.php:327
Stack trace:
#0 C:\xampp\htdocs\codelApi\system\Database\MySQLi\Connection.php(327): mysqli->query('INSERT INTO org...', 0)
#1 C:\xampp\htdocs\codelApi\system\Database\BaseConnection.php(729): CodeIgniter\Database\MySQLi\Connection->execute('INSERT INTO org...')
#2 C:\xampp\htdocs\codelApi\system\Database\BaseConnection.php(646): CodeIgniter\Database\BaseConnection->simpleQuery('INSERT INTO org...')
#3 C:\xampp\htdocs\codelApi\app\Controllers\employee.php(58): CodeIgniter\Database\BaseConnection->query('INSERT INTO org...')
#4 C:\xampp\htdocs\codelApi\system\CodeIgniter.php(933): App\Controllers\Employee->insert()
#5 C:\xampp\htdocs\codelApi\system\CodeIgniter.php(507): CodeIgniter\CodeIgniter->runController(Object(App\Controllers\Employee))
#6 C:\xampp\htdocs\codelApi\system\CodeIgniter.php(354): CodeIgniter\CodeIgniter->handleRequest(NULL, Object(Config\Cache), false)
#7 C:\xampp\htdocs\codelApi\system\Boot.php(363): CodeIgniter\CodeIgniter->run()
#8 C:\xampp\htdocs\codelApi\system\Boot.php(68): CodeIgniter\Boot::runCodeIgniter(Object(CodeIgniter\CodeIgniter))
#9 C:\xampp\htdocs\codelApi\index.php(59): CodeIgniter\Boot::bootWeb(Object(Config\Paths))
#10 {main}
ERROR - 2025-09-05 10:29:00 --> mysqli_sql_exception: Unknown column 'password' in 'field list' in C:\xampp\htdocs\codelApi\system\Database\MySQLi\Connection.php:327
Stack trace:
#0 C:\xampp\htdocs\codelApi\system\Database\MySQLi\Connection.php(327): mysqli->query('INSERT INTO org...', 0)
#1 C:\xampp\htdocs\codelApi\system\Database\BaseConnection.php(729): CodeIgniter\Database\MySQLi\Connection->execute('INSERT INTO org...')
#2 C:\xampp\htdocs\codelApi\system\Database\BaseConnection.php(646): CodeIgniter\Database\BaseConnection->simpleQuery('INSERT INTO org...')
#3 C:\xampp\htdocs\codelApi\app\Controllers\employee.php(58): CodeIgniter\Database\BaseConnection->query('INSERT INTO org...')
#4 C:\xampp\htdocs\codelApi\system\CodeIgniter.php(933): App\Controllers\Employee->insert()
#5 C:\xampp\htdocs\codelApi\system\CodeIgniter.php(507): CodeIgniter\CodeIgniter->runController(Object(App\Controllers\Employee))
#6 C:\xampp\htdocs\codelApi\system\CodeIgniter.php(354): CodeIgniter\CodeIgniter->handleRequest(NULL, Object(Config\Cache), false)
#7 C:\xampp\htdocs\codelApi\system\Boot.php(363): CodeIgniter\CodeIgniter->run()
#8 C:\xampp\htdocs\codelApi\system\Boot.php(68): CodeIgniter\Boot::runCodeIgniter(Object(CodeIgniter\CodeIgniter))
#9 C:\xampp\htdocs\codelApi\index.php(59): CodeIgniter\Boot::bootWeb(Object(Config\Paths))
#10 {main}
ERROR - 2025-09-05 10:38:13 --> mysqli_sql_exception: Table 'orgdb.countries' doesn't exist in C:\xampp\htdocs\codelApi\system\Database\MySQLi\Connection.php:327
Stack trace:
#0 C:\xampp\htdocs\codelApi\system\Database\MySQLi\Connection.php(327): mysqli->query('SELECT name FRO...', 0)
#1 C:\xampp\htdocs\codelApi\system\Database\BaseConnection.php(729): CodeIgniter\Database\MySQLi\Connection->execute('SELECT name FRO...')
#2 C:\xampp\htdocs\codelApi\system\Database\BaseConnection.php(646): CodeIgniter\Database\BaseConnection->simpleQuery('SELECT name FRO...')
#3 C:\xampp\htdocs\codelApi\app\Controllers\employee.php(33): CodeIgniter\Database\BaseConnection->query('SELECT name FRO...', Array)
#4 C:\xampp\htdocs\codelApi\system\CodeIgniter.php(933): App\Controllers\Employee->insert()
#5 C:\xampp\htdocs\codelApi\system\CodeIgniter.php(507): CodeIgniter\CodeIgniter->runController(Object(App\Controllers\Employee))
#6 C:\xampp\htdocs\codelApi\system\CodeIgniter.php(354): CodeIgniter\CodeIgniter->handleRequest(NULL, Object(Config\Cache), false)
#7 C:\xampp\htdocs\codelApi\system\Boot.php(363): CodeIgniter\CodeIgniter->run()
#8 C:\xampp\htdocs\codelApi\system\Boot.php(68): CodeIgniter\Boot::runCodeIgniter(Object(CodeIgniter\CodeIgniter))
#9 C:\xampp\htdocs\codelApi\index.php(59): CodeIgniter\Boot::bootWeb(Object(Config\Paths))
#10 {main}
CRITICAL - 2025-09-05 10:38:13 --> CodeIgniter\Database\Exceptions\DatabaseException: Table 'orgdb.countries' doesn't exist
[Method: POST, Route: employee/insert]
in SYSTEMPATH\Database\BaseConnection.php on line 684.
 1 APPPATH\Controllers\employee.php(33): CodeIgniter\Database\BaseConnection->query('SELECT name FROM countries WHERE id = ?', [...])
 2 SYSTEMPATH\CodeIgniter.php(933): App\Controllers\Employee->insert()
 3 SYSTEMPATH\CodeIgniter.php(507): CodeIgniter\CodeIgniter->runController(Object(App\Controllers\Employee))
 4 SYSTEMPATH\CodeIgniter.php(354): CodeIgniter\CodeIgniter->handleRequest(null, Object(Config\Cache), false)
 5 SYSTEMPATH\Boot.php(363): CodeIgniter\CodeIgniter->run()
 6 SYSTEMPATH\Boot.php(68): CodeIgniter\Boot::runCodeIgniter(Object(CodeIgniter\CodeIgniter))
 7 FCPATH\index.php(59): CodeIgniter\Boot::bootWeb(Object(Config\Paths))
CRITICAL - 2025-09-05 10:38:13 --> [Caused by] CodeIgniter\Database\Exceptions\DatabaseException: Table 'orgdb.countries' doesn't exist
in SYSTEMPATH\Database\MySQLi\Connection.php on line 332.
 1 SYSTEMPATH\Database\BaseConnection.php(729): CodeIgniter\Database\MySQLi\Connection->execute('SELECT name FROM countries WHERE id = \'1\'')
 2 SYSTEMPATH\Database\BaseConnection.php(646): CodeIgniter\Database\BaseConnection->simpleQuery('SELECT name FROM countries WHERE id = \'1\'')
 3 APPPATH\Controllers\employee.php(33): CodeIgniter\Database\BaseConnection->query('SELECT name FROM countries WHERE id = ?', [...])
 4 SYSTEMPATH\CodeIgniter.php(933): App\Controllers\Employee->insert()
 5 SYSTEMPATH\CodeIgniter.php(507): CodeIgniter\CodeIgniter->runController(Object(App\Controllers\Employee))
 6 SYSTEMPATH\CodeIgniter.php(354): CodeIgniter\CodeIgniter->handleRequest(null, Object(Config\Cache), false)
 7 SYSTEMPATH\Boot.php(363): CodeIgniter\CodeIgniter->run()
 8 SYSTEMPATH\Boot.php(68): CodeIgniter\Boot::runCodeIgniter(Object(CodeIgniter\CodeIgniter))
 9 FCPATH\index.php(59): CodeIgniter\Boot::bootWeb(Object(Config\Paths))
CRITICAL - 2025-09-05 10:38:13 --> [Caused by] mysqli_sql_exception: Table 'orgdb.countries' doesn't exist
in SYSTEMPATH\Database\MySQLi\Connection.php on line 327.
 1 SYSTEMPATH\Database\MySQLi\Connection.php(327): mysqli->query('SELECT name FROM countries WHERE id = \'1\'', 0)
 2 SYSTEMPATH\Database\BaseConnection.php(729): CodeIgniter\Database\MySQLi\Connection->execute('SELECT name FROM countries WHERE id = \'1\'')
 3 SYSTEMPATH\Database\BaseConnection.php(646): CodeIgniter\Database\BaseConnection->simpleQuery('SELECT name FROM countries WHERE id = \'1\'')
 4 APPPATH\Controllers\employee.php(33): CodeIgniter\Database\BaseConnection->query('SELECT name FROM countries WHERE id = ?', [...])
 5 SYSTEMPATH\CodeIgniter.php(933): App\Controllers\Employee->insert()
 6 SYSTEMPATH\CodeIgniter.php(507): CodeIgniter\CodeIgniter->runController(Object(App\Controllers\Employee))
 7 SYSTEMPATH\CodeIgniter.php(354): CodeIgniter\CodeIgniter->handleRequest(null, Object(Config\Cache), false)
 8 SYSTEMPATH\Boot.php(363): CodeIgniter\CodeIgniter->run()
 9 SYSTEMPATH\Boot.php(68): CodeIgniter\Boot::runCodeIgniter(Object(CodeIgniter\CodeIgniter))
10 FCPATH\index.php(59): CodeIgniter\Boot::bootWeb(Object(Config\Paths))
ERROR - 2025-09-05 11:56:28 --> mysqli_sql_exception: Table 'orgdb.countries' doesn't exist in C:\xampp\htdocs\codelApi\system\Database\MySQLi\Connection.php:327
Stack trace:
#0 C:\xampp\htdocs\codelApi\system\Database\MySQLi\Connection.php(327): mysqli->query('SELECT name FRO...', 0)
#1 C:\xampp\htdocs\codelApi\system\Database\BaseConnection.php(729): CodeIgniter\Database\MySQLi\Connection->execute('SELECT name FRO...')
#2 C:\xampp\htdocs\codelApi\system\Database\BaseConnection.php(646): CodeIgniter\Database\BaseConnection->simpleQuery('SELECT name FRO...')
#3 C:\xampp\htdocs\codelApi\app\Controllers\employee.php(35): CodeIgniter\Database\BaseConnection->query('SELECT name FRO...')
#4 C:\xampp\htdocs\codelApi\system\CodeIgniter.php(933): App\Controllers\Employee->insert()
#5 C:\xampp\htdocs\codelApi\system\CodeIgniter.php(507): CodeIgniter\CodeIgniter->runController(Object(App\Controllers\Employee))
#6 C:\xampp\htdocs\codelApi\system\CodeIgniter.php(354): CodeIgniter\CodeIgniter->handleRequest(NULL, Object(Config\Cache), false)
#7 C:\xampp\htdocs\codelApi\system\Boot.php(363): CodeIgniter\CodeIgniter->run()
#8 C:\xampp\htdocs\codelApi\system\Boot.php(68): CodeIgniter\Boot::runCodeIgniter(Object(CodeIgniter\CodeIgniter))
#9 C:\xampp\htdocs\codelApi\index.php(59): CodeIgniter\Boot::bootWeb(Object(Config\Paths))
#10 {main}
CRITICAL - 2025-09-05 11:56:28 --> CodeIgniter\Database\Exceptions\DatabaseException: Table 'orgdb.countries' doesn't exist
[Method: POST, Route: employee/insert]
in SYSTEMPATH\Database\BaseConnection.php on line 684.
 1 APPPATH\Controllers\employee.php(35): CodeIgniter\Database\BaseConnection->query('SELECT name FROM countries WHERE id=\'1\'')
 2 SYSTEMPATH\CodeIgniter.php(933): App\Controllers\Employee->insert()
 3 SYSTEMPATH\CodeIgniter.php(507): CodeIgniter\CodeIgniter->runController(Object(App\Controllers\Employee))
 4 SYSTEMPATH\CodeIgniter.php(354): CodeIgniter\CodeIgniter->handleRequest(null, Object(Config\Cache), false)
 5 SYSTEMPATH\Boot.php(363): CodeIgniter\CodeIgniter->run()
 6 SYSTEMPATH\Boot.php(68): CodeIgniter\Boot::runCodeIgniter(Object(CodeIgniter\CodeIgniter))
 7 FCPATH\index.php(59): CodeIgniter\Boot::bootWeb(Object(Config\Paths))
CRITICAL - 2025-09-05 11:56:28 --> [Caused by] CodeIgniter\Database\Exceptions\DatabaseException: Table 'orgdb.countries' doesn't exist
in SYSTEMPATH\Database\MySQLi\Connection.php on line 332.
 1 SYSTEMPATH\Database\BaseConnection.php(729): CodeIgniter\Database\MySQLi\Connection->execute('SELECT name FROM countries WHERE id=\'1\'')
 2 SYSTEMPATH\Database\BaseConnection.php(646): CodeIgniter\Database\BaseConnection->simpleQuery('SELECT name FROM countries WHERE id=\'1\'')
 3 APPPATH\Controllers\employee.php(35): CodeIgniter\Database\BaseConnection->query('SELECT name FROM countries WHERE id=\'1\'')
 4 SYSTEMPATH\CodeIgniter.php(933): App\Controllers\Employee->insert()
 5 SYSTEMPATH\CodeIgniter.php(507): CodeIgniter\CodeIgniter->runController(Object(App\Controllers\Employee))
 6 SYSTEMPATH\CodeIgniter.php(354): CodeIgniter\CodeIgniter->handleRequest(null, Object(Config\Cache), false)
 7 SYSTEMPATH\Boot.php(363): CodeIgniter\CodeIgniter->run()
 8 SYSTEMPATH\Boot.php(68): CodeIgniter\Boot::runCodeIgniter(Object(CodeIgniter\CodeIgniter))
 9 FCPATH\index.php(59): CodeIgniter\Boot::bootWeb(Object(Config\Paths))
CRITICAL - 2025-09-05 11:56:28 --> [Caused by] mysqli_sql_exception: Table 'orgdb.countries' doesn't exist
in SYSTEMPATH\Database\MySQLi\Connection.php on line 327.
 1 SYSTEMPATH\Database\MySQLi\Connection.php(327): mysqli->query('SELECT name FROM countries WHERE id=\'1\'', 0)
 2 SYSTEMPATH\Database\BaseConnection.php(729): CodeIgniter\Database\MySQLi\Connection->execute('SELECT name FROM countries WHERE id=\'1\'')
 3 SYSTEMPATH\Database\BaseConnection.php(646): CodeIgniter\Database\BaseConnection->simpleQuery('SELECT name FROM countries WHERE id=\'1\'')
 4 APPPATH\Controllers\employee.php(35): CodeIgniter\Database\BaseConnection->query('SELECT name FROM countries WHERE id=\'1\'')
 5 SYSTEMPATH\CodeIgniter.php(933): App\Controllers\Employee->insert()
 6 SYSTEMPATH\CodeIgniter.php(507): CodeIgniter\CodeIgniter->runController(Object(App\Controllers\Employee))
 7 SYSTEMPATH\CodeIgniter.php(354): CodeIgniter\CodeIgniter->handleRequest(null, Object(Config\Cache), false)
 8 SYSTEMPATH\Boot.php(363): CodeIgniter\CodeIgniter->run()
 9 SYSTEMPATH\Boot.php(68): CodeIgniter\Boot::runCodeIgniter(Object(CodeIgniter\CodeIgniter))
10 FCPATH\index.php(59): CodeIgniter\Boot::bootWeb(Object(Config\Paths))
ERROR - 2025-09-05 11:59:45 --> mysqli_sql_exception: Duplicate entry 'kushwah123@gmail.com' for key 'email' in C:\xampp\htdocs\codelApi\system\Database\MySQLi\Connection.php:327
Stack trace:
#0 C:\xampp\htdocs\codelApi\system\Database\MySQLi\Connection.php(327): mysqli->query('INSERT INTO org...', 0)
#1 C:\xampp\htdocs\codelApi\system\Database\BaseConnection.php(729): CodeIgniter\Database\MySQLi\Connection->execute('INSERT INTO org...')
#2 C:\xampp\htdocs\codelApi\system\Database\BaseConnection.php(646): CodeIgniter\Database\BaseConnection->simpleQuery('INSERT INTO org...')
#3 C:\xampp\htdocs\codelApi\app\Controllers\employee.php(65): CodeIgniter\Database\BaseConnection->query('INSERT INTO org...')
#4 C:\xampp\htdocs\codelApi\system\CodeIgniter.php(933): App\Controllers\Employee->insert()
#5 C:\xampp\htdocs\codelApi\system\CodeIgniter.php(507): CodeIgniter\CodeIgniter->runController(Object(App\Controllers\Employee))
#6 C:\xampp\htdocs\codelApi\system\CodeIgniter.php(354): CodeIgniter\CodeIgniter->handleRequest(NULL, Object(Config\Cache), false)
#7 C:\xampp\htdocs\codelApi\system\Boot.php(363): CodeIgniter\CodeIgniter->run()
#8 C:\xampp\htdocs\codelApi\system\Boot.php(68): CodeIgniter\Boot::runCodeIgniter(Object(CodeIgniter\CodeIgniter))
#9 C:\xampp\htdocs\codelApi\index.php(59): CodeIgniter\Boot::bootWeb(Object(Config\Paths))
#10 {main}
